<?xml version="1.0" encoding="UTF-8"?>
<!-- Generated by org.testng.reporters.JUnitReportReporter -->
<testsuite skipped="0" hostname="DESKTOP-497P0TS" name="CucumberTemplate" tests="1" failures="0" timestamp="2021-11-26T07:20:19 EST" time="13.366" errors="0">
  <testcase name="runScenario" time="13.366" classname="CucumberTemplate"/>
  <system-out/>
</testsuite> <!-- CucumberTemplate -->
